<?xml version="1.0" encoding="UTF-8"?>
<testng-results ignored="0" total="1" passed="1" failed="0" skipped="0">
  <reporter-output>
  </reporter-output>
  <suite started-at="2021-09-30T23:45:22 PDT" name="Default suite" finished-at="2021-09-30T23:45:27 PDT" duration-ms="4412">
    <groups>
    </groups>
    <test started-at="2021-09-30T23:45:22 PDT" name="Default test" finished-at="2021-09-30T23:45:27 PDT" duration-ms="4412">
      <class name="waitTest">
        <test-method is-config="true" signature="setUp()[pri:0, instance:waitTest@2e1d27ba]" started-at="2021-09-30T23:45:22 PDT" name="setUp" finished-at="2021-09-30T23:45:24 PDT" duration-ms="1511" status="PASS">
          <reporter-output>
          </reporter-output>
        </test-method> <!-- setUp -->
        <test-method signature="testUntitled()[pri:0, instance:waitTest@2e1d27ba]" started-at="2021-09-30T23:45:24 PDT" name="testUntitled" finished-at="2021-09-30T23:45:26 PDT" duration-ms="2263" status="PASS">
          <reporter-output>
          </reporter-output>
        </test-method> <!-- testUntitled -->
        <test-method is-config="true" signature="tearDown()[pri:0, instance:waitTest@2e1d27ba]" started-at="2021-09-30T23:45:26 PDT" name="tearDown" finished-at="2021-09-30T23:45:27 PDT" duration-ms="604" status="PASS">
          <reporter-output>
          </reporter-output>
        </test-method> <!-- tearDown -->
      </class> <!-- waitTest -->
    </test> <!-- Default test -->
  </suite> <!-- Default suite -->
</testng-results>
